[0mGET / [36m302[0m 4.437 ms - 46[0m
[0mGET / [36m302[0m 1.269 ms - 46[0m
[0mGET / [36m302[0m 0.754 ms - 46[0m
[0mGET / [36m302[0m 0.500 ms - 46[0m
[0mGET / [36m302[0m 0.580 ms - 46[0m
[0mGET / [36m302[0m 0.573 ms - 46[0m
[0mGET / [36m302[0m 0.765 ms - 46[0m
[0mGET / [36m302[0m 0.457 ms - 46[0m
[0mGET / [36m302[0m 0.483 ms - 46[0m
[0mGET / [36m302[0m 0.789 ms - 46[0m
[0mGET / [36m302[0m 2.588 ms - 46[0m
[0mGET / [36m302[0m 0.556 ms - 46[0m
[0mGET / [36m302[0m 1.553 ms - 46[0m
[0mGET / [36m302[0m 0.555 ms - 46[0m
[0mGET / [36m302[0m 0.552 ms - 46[0m
[0mGET / [36m302[0m 0.433 ms - 46[0m
[0mGET / [36m302[0m 0.375 ms - 46[0m
[0mGET / [36m302[0m 0.554 ms - 46[0m
[0mGET / [36m302[0m 0.516 ms - 46[0m
[0mGET / [36m302[0m 0.687 ms - 46[0m
[0mGET / [36m302[0m 1.325 ms - 46[0m
[0mGET / [36m302[0m 2.184 ms - 46[0m
[0mGET / [36m302[0m 1.160 ms - 46[0m
[0mGET / [36m302[0m 0.466 ms - 46[0m
[0mGET / [36m302[0m 0.752 ms - 46[0m
[0mGET / [36m302[0m 0.697 ms - 46[0m
[0mGET / [36m302[0m 0.423 ms - 46[0m
[0mGET / [36m302[0m 0.500 ms - 46[0m
[0mGET / [36m302[0m 0.590 ms - 46[0m
[0mGET / [36m302[0m 0.439 ms - 46[0m
[0mGET / [36m302[0m 0.571 ms - 46[0m
[0mGET / [36m302[0m 0.561 ms - 46[0m
[0mGET / [36m302[0m 0.543 ms - 46[0m
[0mGET / [36m302[0m 0.455 ms - 46[0m
[0mGET / [36m302[0m 0.605 ms - 46[0m
[0mGET / [36m302[0m 0.486 ms - 46[0m
[0mGET / [36m302[0m 0.385 ms - 46[0m
[0mGET / [36m302[0m 0.319 ms - 46[0m
[0mGET / [36m302[0m 0.518 ms - 46[0m
[0mGET / [36m302[0m 0.511 ms - 46[0m
[0mGET / [36m302[0m 1.733 ms - 46[0m
[0mGET / [36m302[0m 1.578 ms - 46[0m
[0mGET / [36m302[0m 1.992 ms - 46[0m
[0mGET / [36m302[0m 0.629 ms - 46[0m
[0mGET / [36m302[0m 0.861 ms - 46[0m
[0mGET / [36m302[0m 0.815 ms - 46[0m
[0mGET / [36m302[0m 0.461 ms - 46[0m
[0mGET / [36m302[0m 0.441 ms - 46[0m
[0mGET / [36m302[0m 0.609 ms - 46[0m
[0mGET / [36m302[0m 0.512 ms - 46[0m
[0mGET / [36m302[0m 0.413 ms - 46[0m
[0mGET / [36m302[0m 0.352 ms - 46[0m
[0mGET / [36m302[0m 0.644 ms - 46[0m
[0mGET / [36m302[0m 0.665 ms - 46[0m
[0mGET / [36m302[0m 0.389 ms - 46[0m
[0mGET / [36m302[0m 0.679 ms - 46[0m
[0mGET / [36m302[0m 0.558 ms - 46[0m
[0mGET / [36m302[0m 0.466 ms - 46[0m
[0mGET / [36m302[0m 0.449 ms - 46[0m
[0mGET / [36m302[0m 0.316 ms - 46[0m
[0mGET / [36m302[0m 0.745 ms - 46[0m
[0mGET / [36m302[0m 0.597 ms - 46[0m
[0mGET / [36m302[0m 0.654 ms - 46[0m
[0mGET / [36m302[0m 0.588 ms - 46[0m
[0mGET / [36m302[0m 0.408 ms - 46[0m
[0mGET / [36m302[0m 0.529 ms - 46[0m
[0mGET / [36m302[0m 0.489 ms - 46[0m
[0mGET / [36m302[0m 0.552 ms - 46[0m
[0mGET / [36m302[0m 0.325 ms - 46[0m
[0mGET / [36m302[0m 0.335 ms - 46[0m
[0mGET / [36m302[0m 0.459 ms - 46[0m
[0mGET / [36m302[0m 0.532 ms - 46[0m
[0mGET / [36m302[0m 0.318 ms - 46[0m
[0mGET / [36m302[0m 0.386 ms - 46[0m
[0mGET / [36m302[0m 0.506 ms - 46[0m
[0mGET / [36m302[0m 0.423 ms - 46[0m
[0mGET / [36m302[0m 0.362 ms - 46[0m
[0mGET / [36m302[0m 0.346 ms - 46[0m
[0mGET / [36m302[0m 0.363 ms - 46[0m
[0mGET / [36m302[0m 0.477 ms - 46[0m
[0mGET / [36m302[0m 20.645 ms - 46[0m
[0mGET / [36m302[0m 2.237 ms - 46[0m
[0mGET / [36m302[0m 1.133 ms - 46[0m
[0mGET / [36m302[0m 1.574 ms - 46[0m
[0mGET / [36m302[0m 0.907 ms - 46[0m
[0mGET / [36m302[0m 0.665 ms - 46[0m
[0mGET / [36m302[0m 1.094 ms - 46[0m
[0mGET / [36m302[0m 0.653 ms - 46[0m
[0mGET / [36m302[0m 1.032 ms - 46[0m
[0mGET / [36m302[0m 0.929 ms - 46[0m
[0mGET / [36m302[0m 0.777 ms - 46[0m
[0mGET / [36m302[0m 0.824 ms - 46[0m
[0mGET / [36m302[0m 1.024 ms - 46[0m
[0mGET / [36m302[0m 0.910 ms - 46[0m
[0mGET / [36m302[0m 0.903 ms - 46[0m
[0mGET / [36m302[0m 0.807 ms - 46[0m
[0mGET / [36m302[0m 0.942 ms - 46[0m
[0mGET / [36m302[0m 1.230 ms - 46[0m
[0mGET / [36m302[0m 0.695 ms - 46[0m
[0mGET / [36m302[0m 0.824 ms - 46[0m
[0mGET / [36m302[0m 29.984 ms - 46[0m
[0mGET / [36m302[0m 3.852 ms - 46[0m
[0mGET / [36m302[0m 1.658 ms - 46[0m
[0mGET / [36m302[0m 1.400 ms - 46[0m
[0mGET / [36m302[0m 1.373 ms - 46[0m
[0mGET / [36m302[0m 0.694 ms - 46[0m
[0mGET / [36m302[0m 1.172 ms - 46[0m
[0mGET / [36m302[0m 0.801 ms - 46[0m
[0mGET / [36m302[0m 1.177 ms - 46[0m
[0mGET / [36m302[0m 0.838 ms - 46[0m
[0mGET / [36m302[0m 1.867 ms - 46[0m
[0mGET / [36m302[0m 0.584 ms - 46[0m
[0mGET / [36m302[0m 1.535 ms - 46[0m
[0mGET / [36m302[0m 0.648 ms - 46[0m
[0mGET / [36m302[0m 0.561 ms - 46[0m
[0mGET / [36m302[0m 0.917 ms - 46[0m
[0mGET / [36m302[0m 0.610 ms - 46[0m
[0mGET / [36m302[0m 0.524 ms - 46[0m
[0mGET / [36m302[0m 2.901 ms - 46[0m
[0mGET / [36m302[0m 0.510 ms - 46[0m
[0mGET / [32m200[0m 1168.860 ms - 473[0m
[0mGET /favicon.ico [33m404[0m 1.269 ms - 150[0m
[0mGET / [32m200[0m 11.463 ms - 1979[0m
[0mGET / [32m200[0m 9.729 ms - 2071[0m
[0mGET / [36m304[0m 230.792 ms - -[0m
[0mGET /employees/sign_in [33m404[0m 4.608 ms - 156[0m
[0mGET / [32m200[0m 12.096 ms - 2073[0m
[0mGET /employees/sign_in [33m404[0m 3.417 ms - 156[0m
[0mGET / [36m304[0m 35.634 ms - -[0m
[0mGET /employees/sign_in [32m200[0m 15.737 ms - 2919[0m
[0mPOST /employees/sign_in [33m404[0m 10.020 ms - 157[0m
[0mGET / [36m304[0m 30.170 ms - -[0m
[0mGET /employees/sign_in [36m304[0m 6.194 ms - -[0m
[0mGET /employees/sign_up [33m404[0m 9.901 ms - 156[0m
[0mGET /employees/sign_in [36m304[0m 8.782 ms - -[0m
[0mGET /employees/sign_in [36m304[0m 4.236 ms - -[0m
[0mPOST /employees/sign_in [33m404[0m 2.985 ms - 157[0m
[0mGET /employees/sign_in [36m304[0m 36.868 ms - -[0m
[0mGET /employees/sign_up [32m200[0m 106.683 ms - 3543[0m
[0mGET /employees/sign_up [36m304[0m 7.812 ms - -[0m
[0mGET /employees/sign_in [36m304[0m 3.461 ms - -[0m
[0mGET /employees/sign_in [36m304[0m 5.448 ms - -[0m
[0mGET /employees/sign_up [36m304[0m 9.699 ms - -[0m
[0mGET /employees/sign_up [32m200[0m 47.841 ms - 3560[0m
[0mGET /employees/sign_in [36m304[0m 7.438 ms - -[0m
[0mGET /employees/sign_up [36m304[0m 3.893 ms - -[0m
[0mPOST /employees/create [36m302[0m 22.781 ms - 122[0m
[0mGET /employees/sign_up [36m304[0m 3.891 ms - -[0m
[0mGET /employees/sign_up [32m200[0m 17.345 ms - 3634[0m
[0mPOST /employees/create [36m302[0m 14.009 ms - 122[0m
[0mGET /employees/sign_up [36m304[0m 2.986 ms - -[0m
[0mGET /employees/sign_up [36m304[0m 35.542 ms - -[0m
[0mPOST /employees/create [36m302[0m 28.627 ms - 122[0m
[0mGET /employees/sign_up [36m304[0m 8.811 ms - -[0m
[0mGET /employees/sign_up [36m304[0m 39.616 ms - -[0m
[0mPOST /employees/create [36m302[0m 220.165 ms - 46[0m
[0mGET / [36m304[0m 4.012 ms - -[0m
[0mGET /employees/sign_up [36m304[0m 4.676 ms - -[0m
[0mPOST /employees/create [36m302[0m 3.533 ms - 122[0m
[0mGET /employees/sign_up [36m304[0m 2.279 ms - -[0m
[0mPOST /employees/create [36m302[0m 8.208 ms - 80[0m
[0mGET /employees/sign_in [36m304[0m 2.225 ms - -[0m
[0mGET /employees/sign_in [32m200[0m 47.449 ms - 3027[0m
[0mGET /employees/sign_up [32m200[0m 5.342 ms - 3742[0m
[0mPOST /employees/create [36m302[0m 43.285 ms - 80[0m
[0mGET /employees/sign_in [32m200[0m 5.016 ms - 3278[0m
[0mGET /employees/sign_up [36m304[0m 5.413 ms - -[0m
[0mPOST /employees/create [36m302[0m 12.219 ms - 122[0m
[0mGET /employees/sign_up [32m200[0m 5.183 ms - 3979[0m
[0mPOST /employees/create [36m302[0m 16.517 ms - 46[0m
[0mGET / [32m200[0m 2.033 ms - 2479[0m
[0mGET /employees/sign_in [32m200[0m 19.125 ms - 3027[0m
[0mGET /employees/sign_up [32m200[0m 12.081 ms - 3742[0m
[0mGET /employees/sign_up [36m304[0m 14.578 ms - -[0m
[0mGET /employees/sign_in [32m200[0m 30.419 ms - 3052[0m
[0mGET /employees/sign_in [32m200[0m 21.296 ms - 3086[0m
[0mPOST /employees/create_session [36m302[0m 26.468 ms - 46[0m
[0mGET / [32m200[0m 7.390 ms - 2181[0m
[0mGET / [36m304[0m 42.169 ms - -[0m
[0mGET /employees/sign_in [36m304[0m 7.199 ms - -[0m
[0mPOST /employees/create_session [36m302[0m 29.304 ms - 46[0m
[0mGET / [32m200[0m 9.912 ms - 2469[0m
[0mGET / [32m200[0m 28.561 ms - 2181[0m
[0mGET /employees/sign_in [36m304[0m 16.549 ms - -[0m
[0mGET /employees/sign_up [36m304[0m 6.933 ms - -[0m
[0mGET /employees/sign_in [36m304[0m 3.777 ms - -[0m
[0mGET /employees/sign_in [31m500[0m 44.156 ms - 1696[0m
[0mGET /employees/sign_in [31m500[0m 19.012 ms - 2637[0m
[0mGET /employees/sign_in [32m200[0m 17.205 ms - 3196[0m
[0mGET /employees/sign_in [36m304[0m 13.364 ms - -[0m
[0mPOST /employees/create_session [36m302[0m 39.768 ms - 46[0m
[0mGET / [32m200[0m 6.691 ms - 2488[0m
[0mGET /employees/profile [32m200[0m 22.676 ms - 2218[0m
[0mGET /employees/sign_in [32m200[0m 7.910 ms - 3103[0m
[0mPOST /employees/create_session [36m302[0m 9.473 ms - 46[0m
[0mGET / [32m200[0m 6.251 ms - 2486[0m
[0mGET / [32m200[0m 7.963 ms - 2196[0m
[0mGET /employees/profile [32m200[0m 18.383 ms - 2216[0m
[0mGET / [36m304[0m 9.713 ms - -[0m
[0mGET /employees/profile [36m304[0m 15.917 ms - -[0m
[0mGET /employees/profile [32m200[0m 33.923 ms - 2277[0m
[0mGET /employees/sign_in [32m200[0m 8.196 ms - 3162[0m
[0mPOST /employees/create_session [36m302[0m 48.361 ms - 46[0m
[0mGET / [32m200[0m 8.814 ms - 2494[0m
[0mGET /employees/destroy [36m302[0m 19.687 ms - 46[0m
[0mGET / [32m200[0m 6.515 ms - 2544[0m
[0mGET /employees/sign_in [36m304[0m 4.143 ms - -[0m
[0mPOST /employees/create_session [36m302[0m 14.970 ms - 46[0m
[0mGET / [32m200[0m 6.551 ms - 2494[0m
[0mGET /employees/profile [32m200[0m 11.575 ms - 2224[0m
[0mGET /employees/profile [36m304[0m 15.547 ms - -[0m
[0mGET /employees/profile [36m304[0m 17.868 ms - -[0m
[0mGET /employees/employees/destroy [33m404[0m 16.763 ms - 166[0m
[0mGET /employees/profile [36m304[0m 18.375 ms - -[0m
[0mGET /employees/employees/destroy [33m404[0m 14.473 ms - 166[0m
[0mGET /employees/employees/destroy [33m404[0m 17.764 ms - 166[0m
[0mGET / [32m200[0m 15.550 ms - 2204[0m
[0mGET /employees/destroy [36m302[0m 6.161 ms - 46[0m
[0mGET / [32m200[0m 3.038 ms - 2544[0m
[0mGET /employees/sign_in [36m304[0m 3.120 ms - -[0m
[0mPOST /employees/create_session [36m302[0m 13.916 ms - 46[0m
[0mGET / [32m200[0m 8.224 ms - 2494[0m
[0mGET /employees/profile [36m304[0m 7.386 ms - -[0m
[0mGET /employees/employees/destroy [33m404[0m 5.910 ms - 166[0m
[0mGET /employees/profile [36m304[0m 9.385 ms - -[0m
[0mGET /employees/profile [32m200[0m 15.037 ms - 2225[0m
[0mGET /employees/destroy [36m302[0m 5.713 ms - 46[0m
[0mGET / [32m200[0m 5.777 ms - 2544[0m
[0mGET /employees/sign_in [36m304[0m 9.384 ms - -[0m
[0mPOST /employees/create_session [36m302[0m 18.056 ms - 46[0m
[0mGET / [32m200[0m 10.618 ms - 2495[0m
[0mGET /employees/profile [36m304[0m 18.634 ms - -[0m
[0mGET /employees/destroy [36m302[0m 5.567 ms - 46[0m
[0mGET / [32m200[0m 2.196 ms - 2544[0m
[0mGET / [32m200[0m 65.301 ms - 2257[0m
[0mGET /employees/sign_in [36m304[0m 28.496 ms - -[0m
[0mPOST /employees/create_session [36m302[0m 40.462 ms - 46[0m
[0mGET / [32m200[0m 10.031 ms - 2495[0m
[0mGET /employees/profile [36m304[0m 7.712 ms - -[0m
[0mGET /employees/destroy [36m302[0m 10.158 ms - 46[0m
[0mGET / [32m200[0m 5.753 ms - 2544[0m
[0mGET / [32m200[0m 64.109 ms - 2257[0m
[0mGET /employees/sign_in [36m304[0m 25.179 ms - -[0m
[0mPOST /employees/create_session [36m302[0m 37.066 ms - 46[0m
[0mGET / [32m200[0m 8.091 ms - 2495[0m
[0mGET /employees/sign_in [36m302[0m 6.057 ms - 80[0m
[0mGET /employees/profile [36m304[0m 7.964 ms - -[0m
[0mGET /employees/destroy [36m302[0m 42.173 ms - 46[0m
[0mGET / [32m200[0m 14.517 ms - 2544[0m
[0mGET /employees/profile [32m200[0m 10.917 ms - 2277[0m
[0mGET /employees/profile [36m302[0m 42.966 ms - 80[0m
[0mGET /employees/sign_in [32m200[0m 13.866 ms - 3162[0m
[0mGET /employees/profile [36m302[0m 6.937 ms - 80[0m
[0mGET /employees/sign_in [36m304[0m 8.630 ms - -[0m
[0mPOST /employees/create_session [36m302[0m 27.457 ms - 46[0m
[0mGET / [32m200[0m 9.479 ms - 2495[0m
[0mGET /employees/sign_up [36m302[0m 7.705 ms - 80[0m
[0mGET /employees/profile [32m200[0m 8.217 ms - 2225[0m
[0mGET /employees/profile [36m304[0m 13.699 ms - -[0m
[0mGET /employees/destroy [36m302[0m 7.191 ms - 46[0m
[0mGET / [32m200[0m 4.841 ms - 2544[0m
[0mGET /employees/sign_in [36m304[0m 4.477 ms - -[0m
[0mGET /employees/sign_in [36m304[0m 9.615 ms - -[0m
[0mGET /employees/sign_in [36m304[0m 2.853 ms - -[0m
[0mGET /employees/sign_up [32m200[0m 3.851 ms - 3818[0m
[0mGET /employees/sign_in [36m304[0m 6.379 ms - -[0m
[0mGET /employees/sign_in [36m304[0m 184.863 ms - -[0m
[0mGET /students/list [32m200[0m 101.261 ms - 2370[0m
[0mGET /students/list [36m302[0m 31.856 ms - 80[0m
[0mGET /employees/sign_in [36m304[0m 12.978 ms - -[0m
[0mGET /students/list [36m302[0m 5.172 ms - 80[0m
[0mGET /employees/sign_in [36m304[0m 7.385 ms - -[0m
[0mGET /employees/sign_in [36m304[0m 15.603 ms - -[0m
[0mPOST /employees/create_session [36m302[0m 136.275 ms - 46[0m
[0mGET / [32m200[0m 12.508 ms - 2495[0m
[0mGET /students/list [32m200[0m 13.656 ms - 2318[0m
[0mGET /students/list [32m200[0m 36.031 ms - 2322[0m
[0mGET /students/list [32m200[0m 34.343 ms - 2424[0m
[0mGET /students/list [36m302[0m 28.511 ms - 80[0m
[0mGET /employees/sign_in [36m304[0m 34.998 ms - -[0m
[0mGET /employees/sign_in [36m304[0m 44.736 ms - -[0m
[0mPOST /employees/create_session [36m302[0m 57.009 ms - 46[0m
[0mGET / [36m304[0m 11.691 ms - -[0m
[0mGET /students/list [32m200[0m 218.439 ms - 2425[0m
[0mGET /students/form [32m200[0m 99.636 ms - 5742[0m
[0mGET /students/form [32m200[0m 25.391 ms - 5749[0m
[0mGET /students/form [32m200[0m 27.379 ms - 5843[0m
[0mGET /students/form [36m302[0m 27.141 ms - 80[0m
[0mGET /employees/sign_in [36m304[0m 32.342 ms - -[0m
[0mGET /employees/sign_in [36m304[0m 57.621 ms - -[0m
[0mPOST /employees/create_session [36m302[0m 41.174 ms - 46[0m
[0mGET / [36m304[0m 12.024 ms - -[0m
[0mGET /students/list [36m304[0m 15.689 ms - -[0m
[0mGET /students/form [32m200[0m 26.164 ms - 5843[0m
[0mPOST /students/add [33m404[0m 30.440 ms - 152[0m
[0mPOST /students/add [33m404[0m 6.878 ms - 152[0m
[0mGET /students/form [32m200[0m 27.842 ms - 5846[0m
[0mPOST /students/create [36m302[0m 47.148 ms - 114[0m
[0mGET /students/form [32m200[0m 8.190 ms - 6125[0m
[0mGET /students/list [32m200[0m 13.914 ms - 2539[0m
[0mGET /students/list [36m304[0m 95.496 ms - -[0m
[0mGET /students/list [32m200[0m 36.187 ms - 2576[0m
[0mGET / [32m200[0m 29.203 ms - 2339[0m
[0mGET /students/list [36m304[0m 12.166 ms - -[0m
[0mGET /students/form [32m200[0m 33.432 ms - 5883[0m
[0mPOST /students/create [36m302[0m 34.235 ms - 72[0m
[0mGET /students/list [32m200[0m 10.253 ms - 2967[0m
[0mGET /students/list [32m200[0m 62.982 ms - 2688[0m
[0mGET /students/form [36m304[0m 30.952 ms - -[0m
[0mPOST /students/create [36m302[0m 36.800 ms - 72[0m
[0mGET /students/list [32m200[0m 9.993 ms - 3177[0m
[0mGET / [36m304[0m 23.813 ms - -[0m
[0mGET /inteviews/list [33m404[0m 8.740 ms - 153[0m
[0mGET /students/list [32m200[0m 16.983 ms - 2898[0m
[0mGET /students/list [32m200[0m 29.834 ms - 2799[0m
[0mGET /employees/profile [32m200[0m 17.245 ms - 2262[0m
[0mGET / [36m304[0m 24.043 ms - -[0m
[0mGET /students/list [36m304[0m 33.957 ms - -[0m
[0mGET /students/form [32m200[0m 78.904 ms - 5563[0m
[0mGET /students/form [36m304[0m 26.625 ms - -[0m
[0mGET /students/form [36m304[0m 20.456 ms - -[0m
[0mGET /students/form [36m304[0m 10.200 ms - -[0m
[0mGET / [36m304[0m 26.800 ms - -[0m
[0mGET /students/list [36m302[0m 17.413 ms - 80[0m
[0mGET /employees/sign_in [32m200[0m 20.531 ms - 3199[0m
[0mPOST /employees/create_session [36m302[0m 23.583 ms - 46[0m
[0mGET / [32m200[0m 6.642 ms - 2629[0m
[0mGET /students/list [32m200[0m 22.549 ms - 2799[0m
[0mGET /students/form [36m304[0m 24.315 ms - -[0m
[0mPOST /students/create [36m302[0m 25.002 ms - 72[0m
[0mGET /students/list [32m200[0m 7.755 ms - 3180[0m
[0mGET / [32m200[0m 86.233 ms - 2339[0m
[0mGET / [32m200[0m 30.483 ms - 2391[0m
[0mGET /inteviews/list [33m404[0m 11.062 ms - 153[0m
[0mGET / [32m200[0m 21.644 ms - 2392[0m
[0mGET /interviews/list [36m302[0m 10.056 ms - 80[0m
[0mGET /employees/sign_in [36m304[0m 8.895 ms - -[0m
[0mPOST /employees/create_session [36m302[0m 51.521 ms - 46[0m
[0mGET / [32m200[0m 8.830 ms - 2630[0m
[0mGET /interviews/list [33m404[0m 11.261 ms - 154[0m
[0mGET / [32m200[0m 69.381 ms - 2340[0m
[0mGET /interviews/list [31m500[0m 44.004 ms - 2349[0m
[0mGET / [36m304[0m 68.875 ms - -[0m
[0mGET /interviews/list [32m200[0m 44.553 ms - 2610[0m
[0mGET / [32m200[0m 16.507 ms - 2392[0m
[0mGET /students/list [36m302[0m 8.214 ms - 80[0m
[0mGET /employees/sign_in [36m304[0m 4.837 ms - -[0m
[0mGET /interviews/list [36m302[0m 9.419 ms - 80[0m
[0mGET /employees/sign_in [36m304[0m 16.156 ms - -[0m
[0mGET / [36m304[0m 14.568 ms - -[0m
[0mGET /employees/sign_up [32m200[0m 11.598 ms - 3855[0m
[0mGET /employees/sign_in [36m304[0m 3.469 ms - -[0m
[0mGET / [36m304[0m 9.014 ms - -[0m
[0mGET /students/list [36m302[0m 8.254 ms - 80[0m
[0mGET /employees/sign_in [36m304[0m 15.158 ms - -[0m
[0mGET / [36m304[0m 34.714 ms - -[0m
[0mGET /employees/sign_in [36m304[0m 10.689 ms - -[0m
[0mPOST /employees/create_session [36m302[0m 52.893 ms - 46[0m
[0mGET / [32m200[0m 9.638 ms - 2630[0m
[0mGET /interviews/list [32m200[0m 23.582 ms - 2610[0m
[0mGET /interviews/form [32m200[0m 38.373 ms - 2949[0m
[0mGET /interviews/form [32m200[0m 32.058 ms - 3074[0m
[0mPOST /interviews/create [33m404[0m 10.913 ms - 157[0m
[0mPOST /interviews/create [33m404[0m 23.040 ms - 157[0m
[0mGET /interviews/form [36m302[0m 29.635 ms - 80[0m
[0mGET /employees/sign_in [36m304[0m 37.849 ms - -[0m
[0mGET /employees/sign_in [36m304[0m 22.320 ms - -[0m
[0mPOST /employees/create_session [36m302[0m 29.120 ms - 46[0m
[0mGET / [36m304[0m 5.844 ms - -[0m
[0mGET /interviews/list [36m304[0m 34.770 ms - -[0m
[0mGET /interviews/form [32m200[0m 24.312 ms - 3074[0m
[0mPOST /interviews/create [36m302[0m 19.053 ms - 76[0m
[0mGET /interviews/list [32m200[0m 7.093 ms - 3029[0m
[0mGET /employees/profile [36m304[0m 31.832 ms - -[0m
[0mGET / [32m200[0m 25.796 ms - 2340[0m
[0mGET /students/list [32m200[0m 43.592 ms - 2901[0m
[0mGET /students/form [32m200[0m 33.739 ms - 5403[0m
[0mGET / [36m304[0m 18.357 ms - -[0m
[0mGET /interviews/list [32m200[0m 38.419 ms - 2744[0m
[0mGET /interviews/form [36m304[0m 11.068 ms - -[0m
[0mPOST /interviews/create [36m302[0m 33.047 ms - 76[0m
[0mGET /interviews/list [32m200[0m 11.269 ms - 3165[0m
[0mGET / [36m304[0m 18.668 ms - -[0m
[0mGET /students/list [36m304[0m 26.980 ms - -[0m
[0mGET /students/form [36m304[0m 8.494 ms - -[0m
[0mGET / [36m304[0m 24.895 ms - -[0m
[0mGET /interviews/list [32m200[0m 26.541 ms - 2880[0m
[0mGET /interviews/form [36m304[0m 23.674 ms - -[0m
[0mGET / [36m304[0m 19.726 ms - -[0m
[0mGET /students/list [36m304[0m 29.603 ms - -[0m
[0mGET /students/form [36m304[0m 19.717 ms - -[0m
[0mGET / [32m200[0m 27.961 ms - 2392[0m
[0mGET /interviews/list [36m302[0m 32.735 ms - 80[0m
[0mGET /employees/sign_in [36m304[0m 20.700 ms - -[0m
[0mPOST /employees/create_session [36m302[0m 61.577 ms - 46[0m
[0mGET / [32m200[0m 6.626 ms - 2630[0m
[0mGET /interviews/list [32m200[0m 38.985 ms - 2880[0m
[0mGET /interviews/list [32m200[0m 34.944 ms - 3244[0m
[0mGET /interviews/list [32m200[0m 39.612 ms - 3245[0m
[0mGET /interviews/interviews/allocation [33m404[0m 13.504 ms - 171[0m
[0mGET /interviews/list [32m200[0m 32.790 ms - 3246[0m
[0mGET /interviews/form [36m304[0m 28.164 ms - -[0m
[0mGET /interviews/allocation [33m404[0m 5.795 ms - 160[0m
[0mGET /interviews/form [36m302[0m 1.486 ms - 80[0m
[0mGET /employees/sign_in [36m304[0m 4.452 ms - -[0m
[0mPOST /employees/create_session [36m302[0m 22.095 ms - 46[0m
[0mGET / [36m304[0m 12.707 ms - -[0m
[0mGET /interviews/list [36m304[0m 33.948 ms - -[0m
[0mGET /interviews/form [32m200[0m 23.917 ms - 3074[0m
[0mGET /interviews/list [36m302[0m 2.768 ms - 80[0m
[0mGET /employees/sign_in [36m304[0m 12.769 ms - -[0m
[0mPOST /employees/create_session [36m302[0m 12.679 ms - 46[0m
[0mGET / [36m304[0m 7.388 ms - -[0m
[0mGET /students/list [36m304[0m 42.914 ms - -[0m
[0mGET /students/list [32m200[0m 15.272 ms - 2901[0m
[0mGET / [32m200[0m 21.534 ms - 2340[0m
[0mGET /interviews/list [32m200[0m 23.752 ms - 3246[0m
[0mGET /interviews/list [36m302[0m 26.702 ms - 80[0m
[0mGET /employees/sign_in [36m304[0m 28.616 ms - -[0m
[0mPOST /employees/create_session [36m302[0m 48.581 ms - 46[0m
[0mGET / [32m200[0m 8.372 ms - 2630[0m
[0mGET /interviews/list [32m200[0m 399.521 ms - 4611[0m
[0mGET /interviews/form [36m304[0m 26.265 ms - -[0m
[0mGET /interviews/list [32m200[0m 27.043 ms - 4729[0m
[0mGET /interviews/list [36m302[0m 29.104 ms - 80[0m
[0mGET /employees/sign_in [36m304[0m 37.389 ms - -[0m
[0mPOST /employees/create_session [36m302[0m 59.511 ms - 46[0m
[0mGET / [36m304[0m 8.270 ms - -[0m
[0mGET /interviews/list [32m200[0m 50.799 ms - 4729[0m
[0mPOST /interviews/allocation [0m-[0m - ms - -[0m
[0mGET /interviews/list [36m304[0m 59.650 ms - -[0m
[0mPOST /interviews/allocation [36m302[0m 65.074 ms - 118[0m
[0mGET /interviews/list [32m200[0m 12.750 ms - 4960[0m
[0mPOST /interviews/allocation [36m302[0m 60.003 ms - 118[0m
[0mGET /interviews/list [36m304[0m 18.679 ms - -[0m
[0mGET /interviews/list [32m200[0m 96.899 ms - 4729[0m
[0mPOST /interviews/allocation [36m302[0m 47.797 ms - 118[0m
[0mGET /interviews/list [32m200[0m 11.948 ms - 4960[0m
[0mGET /interviews/list [32m200[0m 66.173 ms - 4729[0m
[0mPOST /interviews/allocation [36m302[0m 87.206 ms - 118[0m
[0mGET /interviews/list [32m200[0m 11.832 ms - 5014[0m
[0mPOST /interviews/allocation [36m302[0m 20.182 ms - 118[0m
[0mGET /interviews/list [32m200[0m 14.993 ms - 4960[0m
[0mPOST /interviews/allocation [36m302[0m 54.760 ms - 118[0m
[0mGET /interviews/list [32m200[0m 10.969 ms - 5014[0m
[0mGET /interviews/list [32m200[0m 84.317 ms - 4729[0m
[0mGET /interviews/list [36m302[0m 6.115 ms - 80[0m
[0mGET /employees/sign_in [36m304[0m 7.487 ms - -[0m
[0mPOST /employees/create_session [36m302[0m 32.675 ms - 46[0m
[0mGET / [36m304[0m 7.222 ms - -[0m
[0mGET /students/list [36m304[0m 15.257 ms - -[0m
[0mGET /students/form [36m304[0m 34.007 ms - -[0m
[0mGET / [32m200[0m 10.842 ms - 2340[0m
[0mGET /interviews/list [32m200[0m 37.633 ms - 4729[0m
[0mGET /interviews/form [36m304[0m 9.816 ms - -[0m
[0mPOST /interviews/create [36m302[0m 38.786 ms - 76[0m
[0mGET /interviews/list [32m200[0m 12.586 ms - 5327[0m
[0mPOST /interviews/allocation [36m302[0m 31.481 ms - 118[0m
[0mGET /interviews/list [32m200[0m 14.078 ms - 5273[0m
[0mPOST /interviews/allocation [36m302[0m 16.710 ms - 118[0m
[0mGET /interviews/list [32m200[0m 14.590 ms - 5327[0m
[0mGET /employees/profile [36m304[0m 19.714 ms - -[0m
[0mGET /employees/destroy [36m302[0m 6.105 ms - 46[0m
[0mGET / [32m200[0m 10.887 ms - 2679[0m
[0mGET /interviews/list [36m302[0m 3.852 ms - 80[0m
[0mGET /employees/sign_in [36m304[0m 4.572 ms - -[0m
[0mGET /students/list [36m302[0m 3.020 ms - 80[0m
[0mGET /employees/sign_in [36m304[0m 2.690 ms - -[0m
[0mGET / [32m200[0m 11.924 ms - 2392[0m
[0mGET /employees/sign_in [36m304[0m 13.079 ms - -[0m
[0mPOST /employees/create_session [36m302[0m 17.594 ms - 46[0m
[0mGET / [32m200[0m 16.417 ms - 2630[0m
[0mGET /interviews/list [32m200[0m 38.144 ms - 5042[0m
[0mGET /interviews/list [32m200[0m 133.278 ms - 5183[0m
[0mGET /interview/:id=624c23768109bb241f2aa145/students [33m404[0m 7.266 ms - 186[0m
[0mGET /interviews/list [36m302[0m 15.294 ms - 80[0m
[0mGET /employees/sign_in [36m304[0m 32.742 ms - -[0m
[0mPOST /employees/create_session [36m302[0m 34.513 ms - 46[0m
[0mGET / [36m304[0m 8.086 ms - -[0m
[0mGET /interviews/list [32m200[0m 54.214 ms - 5183[0m
[0mGET /interview/:id=624c23768109bb241f2aa145/students [33m404[0m 11.462 ms - 186[0m
[0mGET /interviews/list [36m304[0m 54.519 ms - -[0m
[0mGET /interview/:id=624c23768109bb241f2aa145/students [33m404[0m 12.242 ms - 186[0m
[0mGET /interview/:id=624c23768109bb241f2aa145/students [33m404[0m 23.044 ms - 186[0m
[0mGET /interviews/list [32m200[0m 56.857 ms - 5171[0m
[0mGET /interview/624c23768109bb241f2aa145/students [33m404[0m 15.915 ms - 182[0m
[0mGET /interviews/list [32m200[0m 53.126 ms - 5186[0m
[0mGET /interviews/:id=624c23768109bb241f2aa145/students [0m-[0m - ms - -[0m
[0mGET /interviews/list [32m200[0m 49.241 ms - 5174[0m
[0mGET /interviews/624c24408109bb241f2aa153/students [0m-[0m - ms - -[0m
[0mGET /interviews/624d221cde870a21e85e8236/students [0m-[0m - ms - -[0m
[0mGET /interviews/list [36m304[0m 89.845 ms - -[0m
[0mPOST /interviews/allocation [36m302[0m 69.899 ms - 118[0m
[0mGET /interviews/list [32m200[0m 16.007 ms - 5459[0m
[0mPOST /interviews/allocation [36m302[0m 22.259 ms - 118[0m
[0mGET /interviews/list [36m304[0m 14.191 ms - -[0m
[0mPOST /interviews/allocation [36m302[0m 10.354 ms - 118[0m
[0mGET /interviews/list [36m304[0m 10.772 ms - -[0m
[0mGET /interviews/624c23768109bb241f2aa145/students [0m-[0m - ms - -[0m
[0mGET /interviews/list [32m200[0m 58.712 ms - 5174[0m
[0mGET /interviews/624c23768109bb241f2aa145/students [36m302[0m 21.979 ms - 118[0m
[0mGET /interviews/list [32m200[0m 11.753 ms - 5408[0m
[0mGET /interviews/list [32m200[0m 60.210 ms - 5174[0m
[0mGET /interviews/624c23768109bb241f2aa145/students [0m-[0m - ms - -[0m
[0mGET /interviews/624c24408109bb241f2aa153/students [0m-[0m - ms - -[0m
[0mGET /interviews/624d221cde870a21e85e8236/students [0m-[0m - ms - -[0m
[0mGET /interviews/list [36m302[0m 26.627 ms - 80[0m
[0mGET /employees/sign_in [36m304[0m 47.297 ms - -[0m
[0mPOST /employees/create_session [36m302[0m 34.516 ms - 46[0m
[0mGET / [36m304[0m 7.605 ms - -[0m
[0mGET /interviews/list [32m200[0m 49.832 ms - 5174[0m
[0mGET /interviews/624c23768109bb241f2aa145/students [31m500[0m 171.189 ms - 2441[0m
[0mGET /interviews/list [36m304[0m 54.545 ms - -[0m
[0mGET /interviews/624c24408109bb241f2aa153/students [31m500[0m 19.897 ms - 2441[0m
[0mGET /interviews/list [36m304[0m 94.481 ms - -[0m
[0mGET /interviews/624c24408109bb241f2aa153/students [32m200[0m 61.560 ms - 3336[0m
[0mGET /interviews/624c23768109bb241f2aa145/students [32m200[0m 60.944 ms - 5608[0m
[0mPOST /interviews/624c23768109bb241f2aa145/students [33m404[0m 28.272 ms - 184[0m
[0mGET /interviews/624d221cde870a21e85e8236/students [32m200[0m 43.088 ms - 3327[0m
[0mGET /interviews/624c24408109bb241f2aa153/students [36m304[0m 51.313 ms - -[0m
[0mGET /interviews/624c23768109bb241f2aa145/students [36m304[0m 55.263 ms - -[0m
[0mGET /interviews/624c23768109bb241f2aa145/students [36m302[0m 14.993 ms - 80[0m
[0mGET /employees/sign_in [36m304[0m 25.761 ms - -[0m
[0mPOST /employees/create_session [36m302[0m 34.342 ms - 46[0m
[0mGET / [36m304[0m 7.674 ms - -[0m
[0mGET /interviews/list [36m304[0m 32.991 ms - -[0m
[0mGET /interviews/624c23768109bb241f2aa145/students [32m200[0m 116.819 ms - 5647[0m
[0mPOST /students/624c23768109bb241f2aa145/update [0m-[0m - ms - -[0m
[0mGET /interviews/624c23768109bb241f2aa145/students [36m304[0m 49.865 ms - -[0m
[0mPOST /students/624c23768109bb241f2aa145/update [0m-[0m - ms - -[0m
[0mGET /interviews/624c23768109bb241f2aa145/students [36m304[0m 87.738 ms - -[0m
[0mPOST /students/624c23768109bb241f2aa145/update [0m-[0m - ms - -[0m
[0mGET /interviews/624c23768109bb241f2aa145/students [32m200[0m 155.848 ms - 5651[0m
[0mPOST /students/624c23768109bb241f2aa145/update [0m-[0m - ms - -[0m
[0mGET /interviews/624c23768109bb241f2aa145/students [36m302[0m 28.725 ms - 80[0m
[0mGET /employees/sign_in [36m304[0m 57.558 ms - -[0m
[0mPOST /employees/create_session [36m302[0m 50.196 ms - 46[0m
[0mGET / [36m304[0m 6.772 ms - -[0m
[0mGET /interviews/list [36m304[0m 46.245 ms - -[0m
[0mGET /interviews/624c23768109bb241f2aa145/students [32m200[0m 174.035 ms - 5647[0m
[0mPOST /students/624c23768109bb241f2aa145/update [36m302[0m 12.774 ms - 176[0m
[0mGET /interviews/624c23768109bb241f2aa145/students [32m200[0m 14.028 ms - 5881[0m
[0mGET /interviews/624c23768109bb241f2aa145/students [32m200[0m 85.914 ms - 5647[0m
[0mPOST /students/624c23768109bb241f2aa145/update [36m302[0m 65.819 ms - 176[0m
[0mGET /interviews/624c23768109bb241f2aa145/students [32m200[0m 12.648 ms - 5881[0m
[0mGET /interviews/624c23768109bb241f2aa145/students [32m200[0m 74.593 ms - 5647[0m
[0mPOST /students/624c23768109bb241f2aa145/update [36m302[0m 63.460 ms - 176[0m
[0mGET /interviews/624c23768109bb241f2aa145/students [36m304[0m 15.023 ms - -[0m
[0mGET /interviews/624c23768109bb241f2aa145/students [36m304[0m 15.923 ms - -[0m
[0mPOST /students/624c23768109bb241f2aa145/update [36m302[0m 20.172 ms - 176[0m
[0mGET /interviews/624c23768109bb241f2aa145/students [36m304[0m 13.257 ms - -[0m
[0mGET /interviews/624c23768109bb241f2aa145/students [36m302[0m 6.878 ms - 80[0m
[0mGET /employees/sign_in [36m304[0m 75.193 ms - -[0m
[0mPOST /employees/create_session [36m302[0m 24.283 ms - 46[0m
[0mGET / [36m304[0m 7.426 ms - -[0m
[0mGET /interviews/list [36m304[0m 54.554 ms - -[0m
[0mGET /interviews/624c24408109bb241f2aa153/students [32m200[0m 24.857 ms - 3375[0m
[0mGET /interviews/624c23768109bb241f2aa145/students [32m200[0m 47.355 ms - 5647[0m
[0mGET /interviews/list [36m304[0m 40.094 ms - -[0m
[0mGET /interviews/624c23768109bb241f2aa145/students [31m500[0m 70.932 ms - 1639[0m
[0mGET /interviews/list [36m304[0m 34.831 ms - -[0m
[0mGET /interviews/624c23768109bb241f2aa145/students [31m500[0m 62.753 ms - 1639[0m
[0mGET /interviews/list [36m304[0m 40.372 ms - -[0m
[0mGET /interviews/624c24408109bb241f2aa153/students [31m500[0m 424.574 ms - 1639[0m
[0mGET /interviews/list [36m304[0m 12.815 ms - -[0m
[0mGET /interviews/624c24408109bb241f2aa153/students [31m500[0m 66.093 ms - 1639[0m
[0mGET /interviews/list [36m302[0m 3.604 ms - 80[0m
[0mGET /employees/sign_in [36m304[0m 12.475 ms - -[0m
[0mPOST /employees/create_session [36m302[0m 16.746 ms - 46[0m
[0mGET / [36m304[0m 15.245 ms - -[0m
[0mGET /interviews/list [32m200[0m 40.764 ms - 5174[0m
[0mGET /interviews/624c24408109bb241f2aa153/students [32m200[0m 133.098 ms - 3462[0m
[0mGET /interviews/624c23768109bb241f2aa145/students [32m200[0m 45.090 ms - 4327[0m
[0mGET /interviews/list [36m304[0m 27.218 ms - -[0m
[0mGET /interviews/624c23768109bb241f2aa145/students [32m200[0m 38.617 ms - 4304[0m
[0mGET /interviews/list [36m304[0m 28.769 ms - -[0m
[0mGET /interviews/624c24408109bb241f2aa153/students [36m304[0m 120.498 ms - -[0m
[0mGET /interviews/624d221cde870a21e85e8236/students [32m200[0m 12.741 ms - 3453[0m
[0mGET /interviews/624c23768109bb241f2aa145/students [32m200[0m 12.852 ms - 5479[0m
[0mGET /interviews/624c23768109bb241f2aa145/students [32m200[0m 64.903 ms - 5255[0m
[0mGET /interviews/624c23768109bb241f2aa145/students [32m200[0m 17.720 ms - 5831[0m
[0mGET /interviews/624c23768109bb241f2aa145/students [36m304[0m 23.759 ms - -[0m
[0mGET /interviews/624c23768109bb241f2aa145/students [36m304[0m 15.971 ms - -[0m
[0mGET /interviews/624c23768109bb241f2aa145/students [36m304[0m 12.294 ms - -[0m
[0mGET /interviews/list [36m304[0m 29.011 ms - -[0m
[0mGET /interviews/624c23768109bb241f2aa145/students [36m304[0m 46.015 ms - -[0m
[0mGET /interviews/624c23768109bb241f2aa145/students [36m302[0m 4.183 ms - 80[0m
[0mGET /employees/sign_in [36m304[0m 10.382 ms - -[0m
[0mGET /employees/sign_in [36m304[0m 22.195 ms - -[0m
[0mPOST /employees/create_session [36m302[0m 25.804 ms - 46[0m
[0mGET / [36m304[0m 8.476 ms - -[0m
[0mGET /interviews/list [36m304[0m 55.806 ms - -[0m
[0mGET /interviews/624c23768109bb241f2aa145/students [32m200[0m 76.867 ms - 5831[0m
[0mPOST /students/624c23768109bb241f2aa145/update [36m302[0m 17.980 ms - 176[0m
[0mGET /interviews/624c23768109bb241f2aa145/students [32m200[0m 19.817 ms - 6304[0m
[0mGET /interviews/624c23768109bb241f2aa145/students [36m304[0m 45.653 ms - -[0m
[0mPOST /students/624c23768109bb241f2aa145/update [36m302[0m 10.637 ms - 176[0m
[0mGET /interviews/624c23768109bb241f2aa145/students [32m200[0m 15.267 ms - 5831[0m
[0mPOST /students/624c23768109bb241f2aa145/update [36m302[0m 13.089 ms - 176[0m
[0mGET /interviews/624c23768109bb241f2aa145/students [32m200[0m 19.537 ms - 6304[0m
[0mPOST /students/624c23768109bb241f2aa145/update [36m302[0m 12.677 ms - 176[0m
[0mGET /interviews/624c23768109bb241f2aa145/students [32m200[0m 13.435 ms - 5831[0m
[0mGET /interviews/624c23768109bb241f2aa145/students [32m200[0m 50.017 ms - 6398[0m
[0mPOST /students/624c23768109bb241f2aa145/update [36m302[0m 26.818 ms - 176[0m
[0mGET /interviews/624c23768109bb241f2aa145/students [32m200[0m 16.587 ms - 6398[0m
[0mGET /interviews/624c23768109bb241f2aa145/students [32m200[0m 123.201 ms - 6407[0m
[0mGET / [32m200[0m 21.382 ms - 2340[0m
[0mGET /interviews/list [36m304[0m 36.836 ms - -[0m
[0mGET /interviews/624c24408109bb241f2aa153/students [32m200[0m 36.025 ms - 3531[0m
[0mPOST /students/624c24408109bb241f2aa153/update [36m302[0m 12.216 ms - 176[0m
[0mGET /interviews/624c24408109bb241f2aa153/students [36m304[0m 11.659 ms - -[0m
[0mPOST /students/624c24408109bb241f2aa153/update [36m302[0m 8.287 ms - 176[0m
[0mGET /interviews/624c24408109bb241f2aa153/students [32m200[0m 12.092 ms - 2989[0m
[0mGET /interviews/list [36m302[0m 17.392 ms - 80[0m
[0mGET /employees/sign_in [36m304[0m 25.822 ms - -[0m
[0mPOST /employees/create_session [36m302[0m 41.184 ms - 46[0m
[0mGET / [32m200[0m 8.214 ms - 2630[0m
[0mGET /interviews/list [32m200[0m 40.636 ms - 5174[0m
[0mGET /interviews/624c23768109bb241f2aa145/students [36m304[0m 30.913 ms - -[0m
[0mPOST /students/624c23768109bb241f2aa145/update [36m302[0m 15.380 ms - 176[0m
[0mGET /interviews/624c23768109bb241f2aa145/students [36m304[0m 25.522 ms - -[0m
[0mGET /interviews/list [36m304[0m 73.283 ms - -[0m
[0mGET /interviews/624c23768109bb241f2aa145/students [36m304[0m 44.851 ms - -[0m
[0mPOST /students/624c23768109bb241f2aa145/update [36m302[0m 63.920 ms - 176[0m
[0mGET /interviews/624c23768109bb241f2aa145/students [36m304[0m 19.059 ms - -[0m
[0mGET /interviews/624d221cde870a21e85e8236/students [32m200[0m 42.796 ms - 3522[0m
[0mPOST /students/624d221cde870a21e85e8236/update [36m302[0m 8.666 ms - 176[0m
[0mGET /interviews/624d221cde870a21e85e8236/students [36m304[0m 10.939 ms - -[0m
[0mGET /interviews/624d221cde870a21e85e8236/students [36m304[0m 36.521 ms - -[0m
[0mPOST /students/624d221cde870a21e85e8236/update [36m302[0m 11.446 ms - 176[0m
[0mGET /interviews/624d221cde870a21e85e8236/students [36m304[0m 9.953 ms - -[0m
[0mGET /interviews/624d221cde870a21e85e8236/students [36m304[0m 25.867 ms - -[0m
[0mPOST /students/624d221cde870a21e85e8236/update [36m302[0m 9.671 ms - 176[0m
[0mGET /interviews/624d221cde870a21e85e8236/students [32m200[0m 11.510 ms - 2980[0m
[0mGET /interviews/list [36m304[0m 74.199 ms - -[0m
[0mGET /interviews/624d221cde870a21e85e8236/students [36m304[0m 29.703 ms - -[0m
[0mGET /interviews/624c24408109bb241f2aa153/students [36m304[0m 35.432 ms - -[0m
[0mGET /interviews/624c23768109bb241f2aa145/students [36m304[0m 16.580 ms - -[0m
[0mGET /interviews/list [36m304[0m 27.293 ms - -[0m
[0mGET /interviews/624c24408109bb241f2aa153/students [32m200[0m 38.089 ms - 3531[0m
[0mPOST /students/624c24408109bb241f2aa153/update [36m302[0m 63.823 ms - 176[0m
[0mGET /interviews/624c24408109bb241f2aa153/students [36m304[0m 12.170 ms - -[0m
[0mPOST /students/624c24408109bb241f2aa153/update [36m302[0m 29.713 ms - 176[0m
[0mGET /interviews/624c24408109bb241f2aa153/students [36m304[0m 28.157 ms - -[0m
[0mPOST /students/624c24408109bb241f2aa153/update [36m302[0m 11.211 ms - 176[0m
[0mGET /interviews/624c24408109bb241f2aa153/students [32m200[0m 14.619 ms - 3565[0m
[0mPOST /students/624c24408109bb241f2aa153/update [36m302[0m 8.893 ms - 176[0m
[0mGET /interviews/624c24408109bb241f2aa153/students [32m200[0m 15.720 ms - 3565[0m
[0mPOST /students/624c24408109bb241f2aa153/update [36m302[0m 21.284 ms - 176[0m
[0mGET /interviews/624c24408109bb241f2aa153/students [32m200[0m 15.817 ms - 3565[0m
[0mGET / [32m200[0m 6.295 ms - 2340[0m
[0mGET /interviews/list [36m304[0m 9.316 ms - -[0m
[0mGET /interviews/624c24408109bb241f2aa153/students [36m304[0m 29.564 ms - -[0m
[0mGET /interviews/624d221cde870a21e85e8236/students [32m200[0m 39.696 ms - 3522[0m
[0mPOST /students/624d221cde870a21e85e8236/update [36m302[0m 13.457 ms - 176[0m
[0mGET /interviews/624d221cde870a21e85e8236/students [36m304[0m 13.749 ms - -[0m
[0mPOST /students/624d221cde870a21e85e8236/update [36m302[0m 21.062 ms - 176[0m
[0mGET /interviews/624d221cde870a21e85e8236/students [36m304[0m 20.157 ms - -[0m
[0mPOST /students/624d221cde870a21e85e8236/update [36m302[0m 22.599 ms - 176[0m
[0mGET /interviews/624d221cde870a21e85e8236/students [36m304[0m 32.414 ms - -[0m
[0mGET / [36m304[0m 22.350 ms - -[0m
[0mGET /students/list [32m200[0m 26.089 ms - 2901[0m
[0mGET / [36m304[0m 15.921 ms - -[0m
[0mGET /interviews/list [36m304[0m 31.975 ms - -[0m
[0mGET /interviews/form [36m304[0m 6.032 ms - -[0m
[0mGET /interviews/624c24408109bb241f2aa153/students [36m304[0m 35.555 ms - -[0m
[0mGET /interviews/624d221cde870a21e85e8236/students [36m304[0m 30.596 ms - -[0m
[0mPOST /interviews/allocation [36m302[0m 33.861 ms - 118[0m
[0mGET /interviews/list [32m200[0m 16.531 ms - 5405[0m
[0mPOST /interviews/allocation [36m302[0m 37.060 ms - 118[0m
[0mGET /interviews/list [32m200[0m 16.290 ms - 5459[0m
[0mGET /interviews/624d221cde870a21e85e8236/students [32m200[0m 41.804 ms - 4437[0m
[0mPOST /students/624d221cde870a21e85e8236/update [36m302[0m 11.134 ms - 176[0m
[0mGET /interviews/624d221cde870a21e85e8236/students [36m304[0m 9.760 ms - -[0m
[0mPOST /students/624d221cde870a21e85e8236/update [36m302[0m 6.847 ms - 176[0m
[0mGET /interviews/624d221cde870a21e85e8236/students [36m304[0m 9.785 ms - -[0m
[0mPOST /students/624d221cde870a21e85e8236/update [36m302[0m 20.267 ms - 176[0m
[0mGET /interviews/624d221cde870a21e85e8236/students [36m304[0m 20.864 ms - -[0m
[0mGET /interviews/624d221cde870a21e85e8236/students [36m304[0m 16.522 ms - -[0m
[0mPOST /students/624d221cde870a21e85e8236/update [36m302[0m 8.502 ms - 176[0m
[0mGET /interviews/624d221cde870a21e85e8236/students [32m200[0m 9.667 ms - 4471[0m
[0mGET /interviews/list [32m200[0m 20.487 ms - 5174[0m
[0mGET /interviews/624d221cde870a21e85e8236/students [36m304[0m 30.082 ms - -[0m
[0mPOST /students/624d221cde870a21e85e8236/update [36m302[0m 22.070 ms - 176[0m
[0mGET /interviews/624d221cde870a21e85e8236/students [32m200[0m 18.360 ms - 4505[0m
[0mGET / [36m304[0m 15.068 ms - -[0m
[0mGET /interviews/list [36m304[0m 28.736 ms - -[0m
[0mGET /interviews/624d221cde870a21e85e8236/students [36m304[0m 34.222 ms - -[0m
[0mGET /interviews/624d221cde870a21e85e8236/students [36m304[0m 30.837 ms - -[0m
[0mGET /interviews/form [36m304[0m 21.479 ms - -[0m
[0mGET /interviews/624c24408109bb241f2aa153/students [36m304[0m 14.290 ms - -[0m
[0mGET /interviews/624c23768109bb241f2aa145/students [36m304[0m 17.891 ms - -[0m
[0mGET /interviews/624d221cde870a21e85e8236/students [36m304[0m 35.671 ms - -[0m
[0mGET /interviews/624d221cde870a21e85e8236/students [36m304[0m 31.623 ms - -[0m
[0mGET / [36m304[0m 6.283 ms - -[0m
[0mGET /employees/profile [36m304[0m 7.813 ms - -[0m
[0mGET /students/list [36m302[0m 4.726 ms - 80[0m
[0mGET /employees/sign_in [36m304[0m 8.850 ms - -[0m
[0mPOST /employees/create_session [36m302[0m 20.250 ms - 46[0m
[0mGET / [32m200[0m 13.021 ms - 2630[0m
[0mGET /interviews/list [36m304[0m 16.862 ms - -[0m
[0mGET /interviews/624c24408109bb241f2aa153/students [36m304[0m 17.479 ms - -[0m
[0mGET /interviews/624c24408109bb241f2aa153/students [36m304[0m 83.678 ms - -[0m
[0mPOST /students/624c24408109bb241f2aa153/update [36m302[0m 45.370 ms - 176[0m
[0mGET /interviews/624c24408109bb241f2aa153/students [32m200[0m 13.911 ms - 3848[0m
[0mPOST /students/624c24408109bb241f2aa153/update [36m302[0m 21.929 ms - 176[0m
[0mGET /interviews/624c24408109bb241f2aa153/students [32m200[0m 14.997 ms - 3848[0m
[0mPOST /students/624c24408109bb241f2aa153/update [36m302[0m 11.868 ms - 176[0m
[0mGET /interviews/624c24408109bb241f2aa153/students [32m200[0m 12.164 ms - 3848[0m
[0mGET / [32m200[0m 28.067 ms - 2340[0m
[0mGET /interviews/list [36m304[0m 16.666 ms - -[0m
[0mGET /interviews/form [36m304[0m 21.485 ms - -[0m
[0mPOST /interviews/create [36m302[0m 16.582 ms - 76[0m
[0mGET /interviews/list [32m200[0m 11.597 ms - 5802[0m
[0mGET /interviews/form [36m304[0m 17.688 ms - -[0m
[0mGET /interviews/form [32m200[0m 17.741 ms - 3092[0m
[0mGET / [36m304[0m 20.393 ms - -[0m
[0mGET /students/list [32m200[0m 20.113 ms - 2901[0m
[0mGET /students/form [36m304[0m 17.559 ms - -[0m
[0mPOST /students/create [36m302[0m 29.774 ms - 72[0m
[0mGET /students/list [32m200[0m 9.885 ms - 3281[0m
[0mGET /students/form [36m304[0m 22.729 ms - -[0m
[0mGET /students/form [32m200[0m 39.018 ms - 6001[0m
[0mGET /students/form [36m304[0m 16.798 ms - -[0m
[0mGET /students/form [32m200[0m 118.629 ms - 6327[0m
[0mGET /students/form [32m200[0m 215.429 ms - 6295[0m
[0mGET /students/form [32m200[0m 27.405 ms - 6345[0m
[0mPOST /students/create [36m302[0m 33.901 ms - 72[0m
[0mGET /students/list [32m200[0m 10.987 ms - 3392[0m
[0mGET /students/list [32m200[0m 13.665 ms - 3012[0m
[0mGET /students/form [36m304[0m 8.260 ms - -[0m
[0mPOST /students/create [36m302[0m 18.369 ms - 72[0m
[0mGET /students/list [32m200[0m 11.508 ms - 3406[0m
[0mGET /students/list [32m200[0m 27.633 ms - 3125[0m
[0mGET /students/form [32m200[0m 25.724 ms - 6354[0m
[0mPOST /students/create [36m302[0m 16.421 ms - 72[0m
[0mGET /students/list [32m200[0m 9.491 ms - 3519[0m
[0mGET / [36m304[0m 14.912 ms - -[0m
[0mGET /interviews/list [32m200[0m 30.011 ms - 5550[0m
[0mGET /interviews/form [36m304[0m 8.247 ms - -[0m
[0mGET /interviews/list [36m304[0m 60.977 ms - -[0m
[0mPOST /interviews/allocation [36m302[0m 33.657 ms - 118[0m
[0mGET /interviews/list [32m200[0m 12.431 ms - 5835[0m
[0mGET /interviews/list [32m200[0m 73.194 ms - 5550[0m
[0mGET /interviews/624d221cde870a21e85e8236/students [36m304[0m 68.764 ms - -[0m
[0mGET /interviews/624c24408109bb241f2aa153/students [32m200[0m 48.028 ms - 3565[0m
[0mGET /interviews/624c23768109bb241f2aa145/students [36m304[0m 47.968 ms - -[0m
[0mGET /interviews/624d221cde870a21e85e8236/students [36m304[0m 17.826 ms - -[0m
[0mPOST /interviews/allocation [36m302[0m 54.326 ms - 118[0m
[0mGET /interviews/list [32m200[0m 10.655 ms - 5835[0m
[0mPOST /interviews/allocation [36m302[0m 16.223 ms - 118[0m
[0mGET /interviews/list [36m304[0m 9.453 ms - -[0m
[0mPOST /interviews/allocation [36m302[0m 37.492 ms - 118[0m
[0mGET /interviews/list [36m304[0m 18.250 ms - -[0m
[0mGET /interviews/list [36m302[0m 3.718 ms - 80[0m
[0mGET /employees/sign_in [36m304[0m 7.249 ms - -[0m
[0mGET / [32m200[0m 11.789 ms - 2667[0m
[0mGET / [32m200[0m 5.532 ms - 2784[0m
[0mGET /students/data [36m302[0m 3.612 ms - 80[0m
[0mGET /employees/sign_in [36m304[0m 3.602 ms - -[0m
[0mGET / [36m304[0m 60.869 ms - -[0m
[0mGET /students/data [36m302[0m 18.150 ms - 80[0m
[0mGET /employees/sign_in [36m304[0m 16.786 ms - -[0m
[0mPOST /employees/create_session [36m302[0m 52.255 ms - 46[0m
[0mGET / [32m200[0m 9.414 ms - 3022[0m
[0mGET /students/data [36m302[0m 30.684 ms - 88[0m
[0mGET / [32m200[0m 7.253 ms - 2966[0m
[0mGET / [32m200[0m 62.602 ms - 2732[0m
[0mGET /students/data [32m200[0m 75.940 ms - 7364[0m
[0mGET /students/data [36m304[0m 56.230 ms - -[0m
[0mGET / [36m304[0m 97.373 ms - -[0m
[0mGET /students/data [36m302[0m 20.266 ms - 80[0m
[0mGET /employees/sign_in [36m304[0m 19.251 ms - -[0m
[0mPOST /employees/create_session [36m302[0m 18.965 ms - 46[0m
[0mGET / [32m200[0m 7.172 ms - 3022[0m
[0mGET /students/data [36m302[0m 49.921 ms - 88[0m
[0mGET / [32m200[0m 6.394 ms - 2966[0m
[0mGET / [32m200[0m 67.752 ms - 2732[0m
[0mGET /students/data [32m200[0m 78.218 ms - 7364[0m
[0mGET / [36m304[0m 74.421 ms - -[0m
[0mGET /students/data [36m304[0m 38.534 ms - -[0m
[0mGET /students/data [36m304[0m 99.439 ms - -[0m
[0mGET / [36m304[0m 49.724 ms - -[0m
[0mGET /students/data [36m304[0m 43.874 ms - -[0m
[0mGET /students/data [36m302[0m 21.203 ms - 80[0m
[0mGET /employees/sign_in [36m304[0m 23.374 ms - -[0m
[0mPOST /employees/create_session [36m302[0m 24.767 ms - 46[0m
[0mGET / [32m200[0m 6.305 ms - 3022[0m
[0mGET /students/data [32m200[0m 80.618 ms - 4361[0m
[0mGET /students/data [32m200[0m 42.785 ms - 3501[0m
